<?xml version="1.0" encoding="UTF-8"?>
<!-- Generated by org.testng.reporters.JUnitReportReporter -->
<testsuite skipped="0" hostname="DESKTOP-93TCT2J" name="ToDoListElectronTest" tests="4" failures="0" timestamp="2021-12-09T01:01:21 IST" time="9.235" errors="0">
  <testcase name="VerifyChangeOfColor" time="1.121" classname="ToDoListElectronTest"/>
  <system-out/>
  <testcase name="test02_createNewTask" time="1.004" classname="ToDoListElectronTest"/>
  <system-out/>
  <testcase name="test02_delAllTask" time="3.627" classname="ToDoListElectronTest"/>
  <system-out/>
  <testcase name="test02_delTaskByName" time="3.483" classname="ToDoListElectronTest"/>
  <system-out/>
</testsuite> <!-- ToDoListElectronTest -->
