<?xml version="1.0" encoding="UTF-8"?>
<!-- Generated by org.testng.reporters.JUnitReportReporter -->
<testsuite skipped="0" hostname="DESKTOP-93TCT2J" name="CalculatorDesktopTests" tests="2" failures="0" timestamp="2021-12-09T01:00:11 IST" time="5.851" errors="0">
  <testcase name="test1_VerifyCalcResult" time="4.213" classname="CalculatorDesktopTests"/>
  <system-out/>
  <testcase name="test2_VerifyCalcResult" time="1.638" classname="CalculatorDesktopTests"/>
  <system-out/>
</testsuite> <!-- CalculatorDesktopTests -->
