<?xml version="1.0" encoding="UTF-8"?>
<!-- Generated by org.testng.reporters.JUnitReportReporter -->
<testsuite skipped="0" hostname="DESKTOP-93TCT2J" name="MortgageCalcAppiumTests" tests="3" failures="0" timestamp="2021-12-09T13:18:29 IST" time="22.865" errors="0">
  <testcase name="test03" time="7.853" classname="MortgageCalcAppiumTests"/>
  <system-out/>
  <testcase name="test01" time="5.224" classname="MortgageCalcAppiumTests"/>
  <system-out/>
  <testcase name="test02" time="9.788" classname="MortgageCalcAppiumTests"/>
  <system-out/>
</testsuite> <!-- MortgageCalcAppiumTests -->
