<?xml version="1.0" encoding="UTF-8"?>
<!-- Generated by org.testng.reporters.JUnitReportReporter -->
<testsuite skipped="0" hostname="DESKTOP-93TCT2J" name="GrafanaApiTests" tests="4" failures="0" timestamp="2021-12-09T00:34:11 IST" time="2.494" errors="0">
  <testcase name="test03_VerifyUpdateUserInfoById" time="0.212" classname="GrafanaApiTests"/>
  <system-out/>
  <testcase name="test03_VerifyDeleteUserById" time="0.062" classname="GrafanaApiTests"/>
  <system-out/>
  <testcase name="test01_VerifyCreateUserApi" time="1.364" classname="GrafanaApiTests"/>
  <system-out/>
  <testcase name="test02_VerifyFindUserByIdApi" time="0.856" classname="GrafanaApiTests"/>
  <system-out/>
</testsuite> <!-- GrafanaApiTests -->
